{"/home/jvictorfarias/Documents/NewGoStack/nivel03/gostack-database-upload/src/app.ts": {"path":"/home/jvictorfarias/Documents/NewGoStack/nivel03/gostack-database-upload/src/app.ts","statementMap":{"0":{"start":{"line":1,"column":0},"end":{"line":1,"column":26}},"1":{"start":{"line":2,"column":0},"end":{"line":2,"column":23}},"2":{"start":{"line":4,"column":0},"end":{"line":4,"column":67}},"3":{"start":{"line":5,"column":0},"end":{"line":5,"column":30}},"4":{"start":{"line":7,"column":0},"end":{"line":7,"column":30}},"5":{"start":{"line":8,"column":0},"end":{"line":8,"column":41}},"6":{"start":{"line":10,"column":0},"end":{"line":10,"column":42}},"7":{"start":{"line":12,"column":0},"end":{"line":12,"column":19}},"8":{"start":{"line":13,"column":12},"end":{"line":13,"column":21}},"9":{"start":{"line":15,"column":0},"end":{"line":15,"column":24}},"10":{"start":{"line":16,"column":0},"end":{"line":16,"column":16}},"11":{"start":{"line":18,"column":0},"end":{"line":32,"column":3}},"12":{"start":{"line":19,"column":2},"end":{"line":24,"column":null}},"13":{"start":{"line":20,"column":4},"end":{"line":23,"column":7}},"14":{"start":{"line":26,"column":2},"end":{"line":26,"column":21}},"15":{"start":{"line":28,"column":2},"end":{"line":31,"column":5}},"16":{"start":{"line":34,"column":0},"end":{"line":34,"column":19}}},"fnMap":{"0":{"name":"(anonymous_1)","decl":{"start":{"line":18,"column":8},"end":{"line":18,"column":9}},"loc":{"start":{"line":18,"column":74},"end":{"line":32,"column":1}}}},"branchMap":{"0":{"loc":{"start":{"line":19,"column":2},"end":{"line":24,"column":null}},"type":"if","locations":[{"start":{"line":19,"column":2},"end":{"line":24,"column":null}},{"start":{"line":19,"column":2},"end":{"line":24,"column":null}}]}},"s":{"0":1,"1":1,"2":1,"3":1,"4":1,"5":1,"6":1,"7":1,"8":1,"9":1,"10":1,"11":1,"12":1,"13":1,"14":0,"15":0,"16":1},"f":{"0":1},"b":{"0":[1,0]}}
,"/home/jvictorfarias/Documents/NewGoStack/nivel03/gostack-database-upload/src/config/upload.ts": {"path":"/home/jvictorfarias/Documents/NewGoStack/nivel03/gostack-database-upload/src/config/upload.ts","statementMap":{"0":{"start":{"line":1,"column":0},"end":{"line":1,"column":24}},"1":{"start":{"line":2,"column":0},"end":{"line":2,"column":28}},"2":{"start":{"line":3,"column":0},"end":{"line":3,"column":28}},"3":{"start":{"line":5,"column":18},"end":{"line":5,"column":60}},"4":{"start":{"line":7,"column":0},"end":{"line":20,"column":2}},"5":{"start":{"line":14,"column":23},"end":{"line":14,"column":61}},"6":{"start":{"line":15,"column":26},"end":{"line":15,"column":57}},"7":{"start":{"line":17,"column":6},"end":{"line":17,"column":38}}},"fnMap":{"0":{"name":"(anonymous_1)","decl":{"start":{"line":13,"column":12},"end":{"line":13,"column":13}},"loc":{"start":{"line":13,"column":36},"end":{"line":18,"column":5}}}},"branchMap":{},"s":{"0":1,"1":1,"2":1,"3":1,"4":1,"5":1,"6":1,"7":1},"f":{"0":1},"b":{}}
,"/home/jvictorfarias/Documents/NewGoStack/nivel03/gostack-database-upload/src/database/index.ts": {"path":"/home/jvictorfarias/Documents/NewGoStack/nivel03/gostack-database-upload/src/database/index.ts","statementMap":{"0":{"start":{"line":1,"column":0},"end":{"line":1,"column":77}},"1":{"start":{"line":3,"column":0},"end":{"line":15,"column":2}},"2":{"start":{"line":3,"column":22},"end":{"line":3,"column":null}},"3":{"start":{"line":4,"column":25},"end":{"line":4,"column":null}},"4":{"start":{"line":4,"column":8},"end":{"line":4,"column":null}},"5":{"start":{"line":6,"column":2},"end":{"line":14,"column":4}}},"fnMap":{"0":{"name":"(anonymous_13)","decl":{"start":{"line":3,"column":15},"end":{"line":3,"column":22}},"loc":{"start":{"line":3,"column":38},"end":{"line":15,"column":2}}}},"branchMap":{"0":{"loc":{"start":{"line":3,"column":22},"end":{"line":3,"column":null}},"type":"if","locations":[{"start":{"line":3,"column":22},"end":{"line":3,"column":null}},{"start":{"line":3,"column":22},"end":{"line":3,"column":null}}]},"1":{"loc":{"start":{"line":4,"column":25},"end":{"line":4,"column":null}},"type":"switch","locations":[{"start":{"line":4,"column":25},"end":{"line":4,"column":null}}]},"2":{"loc":{"start":{"line":11,"column":12},"end":{"line":11,"column":37}},"type":"cond-expr","locations":[{"start":{"line":11,"column":12},"end":{"line":11,"column":37}},{"start":{"line":12,"column":12},"end":{"line":12,"column":35}}]}},"s":{"0":1,"1":1,"2":3,"3":2,"4":2,"5":2},"f":{"0":2},"b":{"0":[1,1],"1":[2],"2":[2,0]}}
,"/home/jvictorfarias/Documents/NewGoStack/nivel03/gostack-database-upload/src/database/migrations/1587042240272-CreateCategory.ts": {"path":"/home/jvictorfarias/Documents/NewGoStack/nivel03/gostack-database-upload/src/database/migrations/1587042240272-CreateCategory.ts","statementMap":{"0":{"start":{"line":1,"column":0},"end":{"line":1,"column":65}},"1":{"start":{"line":3,"column":0},"end":{"line":3,"column":null}},"2":{"start":{"line":4,"column":15},"end":{"line":35,"column":null}},"3":{"start":{"line":5,"column":4},"end":{"line":5,"column":74}},"4":{"start":{"line":6,"column":4},"end":{"line":34,"column":6}},"5":{"start":{"line":37,"column":15},"end":{"line":39,"column":null}},"6":{"start":{"line":38,"column":4},"end":{"line":38,"column":46}},"7":{"start":{"line":40,"column":0},"end":{"line":40,"column":null}}},"fnMap":{"0":{"name":"(anonymous_13)","decl":{"start":{"line":3,"column":0},"end":{"line":3,"column":null}},"loc":{"start":{"line":3,"column":0},"end":{"line":40,"column":null}}},"1":{"name":"(anonymous_15)","decl":{"start":{"line":4,"column":2},"end":{"line":4,"column":15}},"loc":{"start":{"line":4,"column":42},"end":{"line":35,"column":null}}},"2":{"name":"(anonymous_18)","decl":{"start":{"line":37,"column":2},"end":{"line":37,"column":15}},"loc":{"start":{"line":37,"column":44},"end":{"line":39,"column":null}}}},"branchMap":{"0":{"loc":{"start":{"line":5,"column":4},"end":{"line":5,"column":74}},"type":"switch","locations":[{"start":{"line":5,"column":4},"end":{"line":5,"column":74}}]},"1":{"loc":{"start":{"line":38,"column":4},"end":{"line":38,"column":46}},"type":"switch","locations":[{"start":{"line":38,"column":4},"end":{"line":38,"column":46}}]}},"s":{"0":1,"1":1,"2":1,"3":0,"4":0,"5":1,"6":0,"7":1},"f":{"0":2,"1":0,"2":0},"b":{"0":[0],"1":[0]}}
,"/home/jvictorfarias/Documents/NewGoStack/nivel03/gostack-database-upload/src/database/migrations/1587046984438-CreateTransactions.ts": {"path":"/home/jvictorfarias/Documents/NewGoStack/nivel03/gostack-database-upload/src/database/migrations/1587046984438-CreateTransactions.ts","statementMap":{"0":{"start":{"line":1,"column":0},"end":{"line":1,"column":null}},"1":{"start":{"line":8,"column":0},"end":{"line":8,"column":null}},"2":{"start":{"line":10,"column":15},"end":{"line":67,"column":null}},"3":{"start":{"line":11,"column":4},"end":{"line":54,"column":6}},"4":{"start":{"line":56,"column":4},"end":{"line":66,"column":6}},"5":{"start":{"line":69,"column":15},"end":{"line":72,"column":null}},"6":{"start":{"line":70,"column":4},"end":{"line":70,"column":76}},"7":{"start":{"line":71,"column":4},"end":{"line":71,"column":48}},"8":{"start":{"line":73,"column":0},"end":{"line":73,"column":null}}},"fnMap":{"0":{"name":"(anonymous_13)","decl":{"start":{"line":8,"column":0},"end":{"line":8,"column":null}},"loc":{"start":{"line":8,"column":0},"end":{"line":73,"column":null}}},"1":{"name":"(anonymous_15)","decl":{"start":{"line":10,"column":2},"end":{"line":10,"column":15}},"loc":{"start":{"line":10,"column":42},"end":{"line":67,"column":null}}},"2":{"name":"(anonymous_18)","decl":{"start":{"line":69,"column":2},"end":{"line":69,"column":15}},"loc":{"start":{"line":69,"column":44},"end":{"line":72,"column":null}}}},"branchMap":{"0":{"loc":{"start":{"line":11,"column":4},"end":{"line":54,"column":6}},"type":"switch","locations":[{"start":{"line":11,"column":4},"end":{"line":54,"column":6}}]},"1":{"loc":{"start":{"line":70,"column":4},"end":{"line":70,"column":76}},"type":"switch","locations":[{"start":{"line":70,"column":4},"end":{"line":70,"column":76}}]}},"s":{"0":1,"1":1,"2":1,"3":0,"4":0,"5":1,"6":0,"7":0,"8":1},"f":{"0":2,"1":0,"2":0},"b":{"0":[0],"1":[0]}}
,"/home/jvictorfarias/Documents/NewGoStack/nivel03/gostack-database-upload/src/errors/AppError.ts": {"path":"/home/jvictorfarias/Documents/NewGoStack/nivel03/gostack-database-upload/src/errors/AppError.ts","statementMap":{"0":{"start":{"line":1,"column":0},"end":{"line":1,"column":null}},"1":{"start":{"line":6,"column":31},"end":{"line":6,"column":null}},"2":{"start":{"line":7,"column":4},"end":{"line":7,"column":27}},"3":{"start":{"line":8,"column":4},"end":{"line":8,"column":33}},"4":{"start":{"line":10,"column":0},"end":{"line":10,"column":null}},"5":{"start":{"line":12,"column":0},"end":{"line":12,"column":24}}},"fnMap":{"0":{"name":"(anonymous_0)","decl":{"start":{"line":1,"column":0},"end":{"line":1,"column":null}},"loc":{"start":{"line":1,"column":0},"end":{"line":10,"column":null}}},"1":{"name":"AppError","decl":{"start":{"line":6,"column":2},"end":{"line":6,"column":14}},"loc":{"start":{"line":6,"column":47},"end":{"line":9,"column":3}}}},"branchMap":{"0":{"loc":{"start":{"line":6,"column":31},"end":{"line":6,"column":null}},"type":"if","locations":[{"start":{"line":6,"column":31},"end":{"line":6,"column":null}},{"start":{"line":6,"column":31},"end":{"line":6,"column":null}}]}},"s":{"0":1,"1":2,"2":1,"3":1,"4":1,"5":1},"f":{"0":1,"1":1},"b":{"0":[1,0]}}
,"/home/jvictorfarias/Documents/NewGoStack/nivel03/gostack-database-upload/src/models/Category.ts": {"path":"/home/jvictorfarias/Documents/NewGoStack/nivel03/gostack-database-upload/src/models/Category.ts","statementMap":{"0":{"start":{"line":1,"column":0},"end":{"line":1,"column":null}},"1":{"start":{"line":9,"column":0},"end":{"line":9,"column":40}},"2":{"start":{"line":12,"column":0},"end":{"line":12,"column":6}},"3":{"start":{"line":14,"column":2},"end":{"line":14,"column":null}},"4":{"start":{"line":17,"column":2},"end":{"line":17,"column":null}},"5":{"start":{"line":20,"column":2},"end":{"line":20,"column":null}},"6":{"start":{"line":19,"column":19},"end":{"line":19,"column":32}},"7":{"start":{"line":19,"column":47},"end":{"line":19,"column":71}},"8":{"start":{"line":23,"column":2},"end":{"line":23,"column":null}},"9":{"start":{"line":26,"column":2},"end":{"line":26,"column":null}},"10":{"start":{"line":12,"column":6},"end":{"line":27,"column":null}},"11":{"start":{"line":27,"column":0},"end":{"line":27,"column":null}},"12":{"start":{"line":29,"column":0},"end":{"line":29,"column":24}}},"fnMap":{"0":{"name":"(anonymous_3)","decl":{"start":{"line":12,"column":0},"end":{"line":12,"column":6}},"loc":{"start":{"line":12,"column":0},"end":{"line":12,"column":6}}},"1":{"name":"(anonymous_5)","decl":{"start":{"line":19,"column":13},"end":{"line":19,"column":19}},"loc":{"start":{"line":19,"column":13},"end":{"line":19,"column":30}}},"2":{"name":"(anonymous_6)","decl":{"start":{"line":19,"column":32},"end":{"line":19,"column":43}},"loc":{"start":{"line":19,"column":43},"end":{"line":19,"column":58}}}},"branchMap":{},"s":{"0":1,"1":1,"2":1,"3":1,"4":1,"5":1,"6":2,"7":2,"8":1,"9":1,"10":1,"11":1,"12":1},"f":{"0":43,"1":2,"2":2},"b":{}}
,"/home/jvictorfarias/Documents/NewGoStack/nivel03/gostack-database-upload/src/models/Transaction.ts": {"path":"/home/jvictorfarias/Documents/NewGoStack/nivel03/gostack-database-upload/src/models/Transaction.ts","statementMap":{"0":{"start":{"line":1,"column":0},"end":{"line":1,"column":null}},"1":{"start":{"line":11,"column":0},"end":{"line":11,"column":34}},"2":{"start":{"line":14,"column":0},"end":{"line":14,"column":6}},"3":{"start":{"line":16,"column":2},"end":{"line":16,"column":null}},"4":{"start":{"line":19,"column":2},"end":{"line":19,"column":null}},"5":{"start":{"line":22,"column":2},"end":{"line":22,"column":null}},"6":{"start":{"line":25,"column":2},"end":{"line":25,"column":null}},"7":{"start":{"line":28,"column":2},"end":{"line":28,"column":null}},"8":{"start":{"line":32,"column":2},"end":{"line":32,"column":null}},"9":{"start":{"line":30,"column":19},"end":{"line":30,"column":28}},"10":{"start":{"line":35,"column":2},"end":{"line":35,"column":null}},"11":{"start":{"line":38,"column":2},"end":{"line":38,"column":null}},"12":{"start":{"line":14,"column":6},"end":{"line":39,"column":null}},"13":{"start":{"line":39,"column":0},"end":{"line":39,"column":null}},"14":{"start":{"line":41,"column":0},"end":{"line":41,"column":27}}},"fnMap":{"0":{"name":"(anonymous_3)","decl":{"start":{"line":14,"column":0},"end":{"line":14,"column":6}},"loc":{"start":{"line":14,"column":0},"end":{"line":14,"column":6}}},"1":{"name":"(anonymous_5)","decl":{"start":{"line":30,"column":13},"end":{"line":30,"column":19}},"loc":{"start":{"line":30,"column":13},"end":{"line":30,"column":27}}}},"branchMap":{},"s":{"0":1,"1":1,"2":1,"3":1,"4":1,"5":1,"6":1,"7":1,"8":1,"9":2,"10":1,"11":1,"12":1,"13":1,"14":1},"f":{"0":34,"1":2},"b":{}}
,"/home/jvictorfarias/Documents/NewGoStack/nivel03/gostack-database-upload/src/repositories/TransactionsRepository.ts": {"path":"/home/jvictorfarias/Documents/NewGoStack/nivel03/gostack-database-upload/src/repositories/TransactionsRepository.ts","statementMap":{"0":{"start":{"line":1,"column":0},"end":{"line":1,"column":55}},"1":{"start":{"line":3,"column":0},"end":{"line":3,"column":48}},"2":{"start":{"line":12,"column":0},"end":{"line":12,"column":60}},"3":{"start":{"line":12,"column":37},"end":{"line":12,"column":47}},"4":{"start":{"line":13,"column":15},"end":{"line":31,"column":null}},"5":{"start":{"line":14,"column":25},"end":{"line":14,"column":null}},"6":{"start":{"line":14,"column":10},"end":{"line":14,"column":null}},"7":{"start":{"line":16,"column":10},"end":{"line":22,"column":6}},"8":{"start":{"line":17,"column":14},"end":{"line":17,"column":18}},"9":{"start":{"line":17,"column":20},"end":{"line":17,"column":25}},"10":{"start":{"line":17,"column":32},"end":{"line":20,"column":null}},"11":{"start":{"line":24,"column":12},"end":{"line":24,"column":32}},"12":{"start":{"line":26,"column":4},"end":{"line":30,"column":6}},"13":{"start":{"line":12,"column":6},"end":{"line":32,"column":null}},"14":{"start":{"line":32,"column":0},"end":{"line":32,"column":null}},"15":{"start":{"line":34,"column":0},"end":{"line":34,"column":38}}},"fnMap":{"0":{"name":"(anonymous_23)","decl":{"start":{"line":12,"column":0},"end":{"line":12,"column":6}},"loc":{"start":{"line":12,"column":0},"end":{"line":12,"column":6}}},"1":{"name":"(anonymous_25)","decl":{"start":{"line":13,"column":2},"end":{"line":13,"column":15}},"loc":{"start":{"line":13,"column":2},"end":{"line":31,"column":null}}},"2":{"name":"(anonymous_28)","decl":{"start":{"line":17,"column":6},"end":{"line":17,"column":7}},"loc":{"start":{"line":17,"column":27},"end":{"line":17,"column":null}}}},"branchMap":{"0":{"loc":{"start":{"line":14,"column":25},"end":{"line":14,"column":null}},"type":"switch","locations":[{"start":{"line":14,"column":25},"end":{"line":14,"column":null}}]}},"s":{"0":1,"1":1,"2":1,"3":1,"4":1,"5":13,"6":13,"7":13,"8":10,"9":10,"10":10,"11":13,"12":13,"13":1,"14":1,"15":1},"f":{"0":15,"1":13,"2":10},"b":{"0":[13]}}
,"/home/jvictorfarias/Documents/NewGoStack/nivel03/gostack-database-upload/src/routes/index.ts": {"path":"/home/jvictorfarias/Documents/NewGoStack/nivel03/gostack-database-upload/src/routes/index.ts","statementMap":{"0":{"start":{"line":1,"column":0},"end":{"line":1,"column":33}},"1":{"start":{"line":3,"column":0},"end":{"line":3,"column":55}},"2":{"start":{"line":5,"column":15},"end":{"line":5,"column":23}},"3":{"start":{"line":7,"column":0},"end":{"line":7,"column":48}},"4":{"start":{"line":9,"column":0},"end":{"line":9,"column":22}}},"fnMap":{},"branchMap":{},"s":{"0":1,"1":1,"2":1,"3":1,"4":1},"f":{},"b":{}}
,"/home/jvictorfarias/Documents/NewGoStack/nivel03/gostack-database-upload/src/routes/transactions.routes.ts": {"path":"/home/jvictorfarias/Documents/NewGoStack/nivel03/gostack-database-upload/src/routes/transactions.routes.ts","statementMap":{"0":{"start":{"line":1,"column":0},"end":{"line":1,"column":33}},"1":{"start":{"line":2,"column":0},"end":{"line":2,"column":28}},"2":{"start":{"line":4,"column":0},"end":{"line":4,"column":44}},"3":{"start":{"line":6,"column":0},"end":{"line":6,"column":76}},"4":{"start":{"line":7,"column":0},"end":{"line":7,"column":74}},"5":{"start":{"line":8,"column":0},"end":{"line":8,"column":76}},"6":{"start":{"line":9,"column":0},"end":{"line":9,"column":78}},"7":{"start":{"line":11,"column":27},"end":{"line":11,"column":35}},"8":{"start":{"line":12,"column":15},"end":{"line":12,"column":35}},"9":{"start":{"line":14,"column":0},"end":{"line":20,"column":3}},"10":{"start":{"line":14,"column":52},"end":{"line":20,"column":2}},"11":{"start":{"line":15,"column":8},"end":{"line":15,"column":57}},"12":{"start":{"line":17,"column":15},"end":{"line":17,"column":null}},"13":{"start":{"line":17,"column":8},"end":{"line":17,"column":null}},"14":{"start":{"line":19,"column":2},"end":{"line":19,"column":41}},"15":{"start":{"line":22,"column":0},"end":{"line":35,"column":3}},"16":{"start":{"line":22,"column":53},"end":{"line":35,"column":2}},"17":{"start":{"line":23,"column":8},"end":{"line":23,"column":43}},"18":{"start":{"line":25,"column":8},"end":{"line":25,"column":59}},"19":{"start":{"line":27,"column":22},"end":{"line":32,"column":null}},"20":{"start":{"line":27,"column":8},"end":{"line":32,"column":null}},"21":{"start":{"line":34,"column":2},"end":{"line":34,"column":48}},"22":{"start":{"line":37,"column":0},"end":{"line":45,"column":3}},"23":{"start":{"line":37,"column":58},"end":{"line":45,"column":2}},"24":{"start":{"line":38,"column":10},"end":{"line":38,"column":17}},"25":{"start":{"line":40,"column":8},"end":{"line":40,"column":59}},"26":{"start":{"line":42,"column":2},"end":{"line":42,"column":42}},"27":{"start":{"line":44,"column":2},"end":{"line":44,"column":37}},"28":{"start":{"line":47,"column":0},"end":{"line":62,"column":2}},"29":{"start":{"line":50,"column":26},"end":{"line":61,"column":null}},"30":{"start":{"line":51,"column":12},"end":{"line":51,"column":25}},"31":{"start":{"line":53,"column":10},"end":{"line":53,"column":62}},"32":{"start":{"line":56,"column":25},"end":{"line":58,"column":null}},"33":{"start":{"line":56,"column":10},"end":{"line":58,"column":null}},"34":{"start":{"line":60,"column":4},"end":{"line":60,"column":51}},"35":{"start":{"line":64,"column":0},"end":{"line":64,"column":34}}},"fnMap":{"0":{"name":"(anonymous_14)","decl":{"start":{"line":14,"column":28},"end":{"line":14,"column":35}},"loc":{"start":{"line":14,"column":52},"end":{"line":20,"column":2}}},"1":{"name":"(anonymous_15)","decl":{"start":{"line":14,"column":52},"end":{"line":14,"column":null}},"loc":{"start":{"line":14,"column":52},"end":{"line":20,"column":2}}},"2":{"name":"(anonymous_17)","decl":{"start":{"line":22,"column":29},"end":{"line":22,"column":36}},"loc":{"start":{"line":22,"column":53},"end":{"line":35,"column":2}}},"3":{"name":"(anonymous_18)","decl":{"start":{"line":22,"column":53},"end":{"line":22,"column":null}},"loc":{"start":{"line":22,"column":53},"end":{"line":35,"column":2}}},"4":{"name":"(anonymous_20)","decl":{"start":{"line":37,"column":34},"end":{"line":37,"column":41}},"loc":{"start":{"line":37,"column":58},"end":{"line":45,"column":2}}},"5":{"name":"(anonymous_21)","decl":{"start":{"line":37,"column":58},"end":{"line":37,"column":null}},"loc":{"start":{"line":37,"column":58},"end":{"line":45,"column":2}}},"6":{"name":"(anonymous_23)","decl":{"start":{"line":50,"column":2},"end":{"line":50,"column":9}},"loc":{"start":{"line":50,"column":26},"end":{"line":61,"column":null}}},"7":{"name":"(anonymous_24)","decl":{"start":{"line":50,"column":26},"end":{"line":50,"column":null}},"loc":{"start":{"line":50,"column":26},"end":{"line":61,"column":null}}}},"branchMap":{},"s":{"0":1,"1":1,"2":1,"3":1,"4":1,"5":1,"6":1,"7":1,"8":1,"9":1,"10":1,"11":1,"12":1,"13":1,"14":1,"15":1,"16":9,"17":9,"18":9,"19":9,"20":9,"21":8,"22":1,"23":1,"24":1,"25":1,"26":2,"27":1,"28":1,"29":1,"30":1,"31":1,"32":1,"33":1,"34":1,"35":1},"f":{"0":1,"1":1,"2":9,"3":9,"4":1,"5":1,"6":1,"7":1},"b":{}}
,"/home/jvictorfarias/Documents/NewGoStack/nivel03/gostack-database-upload/src/services/CreateTransactionService.ts": {"path":"/home/jvictorfarias/Documents/NewGoStack/nivel03/gostack-database-upload/src/services/CreateTransactionService.ts","statementMap":{"0":{"start":{"line":1,"column":0},"end":{"line":1,"column":61}},"1":{"start":{"line":3,"column":0},"end":{"line":3,"column":42}},"2":{"start":{"line":4,"column":0},"end":{"line":4,"column":42}},"3":{"start":{"line":6,"column":0},"end":{"line":6,"column":76}},"4":{"start":{"line":23,"column":0},"end":{"line":23,"column":null}},"5":{"start":{"line":24,"column":15},"end":{"line":76,"column":null}},"6":{"start":{"line":25,"column":4},"end":{"line":25,"column":9}},"7":{"start":{"line":26,"column":4},"end":{"line":26,"column":9}},"8":{"start":{"line":27,"column":4},"end":{"line":27,"column":8}},"9":{"start":{"line":28,"column":4},"end":{"line":28,"column":12}},"10":{"start":{"line":30,"column":10},"end":{"line":30,"column":55}},"11":{"start":{"line":31,"column":10},"end":{"line":31,"column":78}},"12":{"start":{"line":33,"column":10},"end":{"line":34,"column":73}},"13":{"start":{"line":35,"column":22},"end":{"line":35,"column":null}},"14":{"start":{"line":35,"column":12},"end":{"line":35,"column":22}},"15":{"start":{"line":37,"column":4},"end":{"line":39,"column":null}},"16":{"start":{"line":38,"column":6},"end":{"line":38,"column":44}},"17":{"start":{"line":42,"column":8},"end":{"line":44,"column":9}},"18":{"start":{"line":42,"column":6},"end":{"line":42,"column":7}},"19":{"start":{"line":46,"column":12},"end":{"line":48,"column":9}},"20":{"start":{"line":49,"column":6},"end":{"line":49,"column":49}},"21":{"start":{"line":52,"column":32},"end":{"line":54,"column":null}},"22":{"start":{"line":52,"column":10},"end":{"line":54,"column":null}},"23":{"start":{"line":56,"column":4},"end":{"line":58,"column":null}},"24":{"start":{"line":57,"column":6},"end":{"line":57,"column":44}},"25":{"start":{"line":59,"column":10},"end":{"line":65,"column":7}},"26":{"start":{"line":67,"column":19},"end":{"line":67,"column":null}},"27":{"start":{"line":67,"column":12},"end":{"line":67,"column":19}},"28":{"start":{"line":69,"column":4},"end":{"line":75,"column":6}},"29":{"start":{"line":77,"column":0},"end":{"line":77,"column":null}},"30":{"start":{"line":79,"column":0},"end":{"line":79,"column":40}}},"fnMap":{"0":{"name":"(anonymous_14)","decl":{"start":{"line":23,"column":0},"end":{"line":23,"column":null}},"loc":{"start":{"line":23,"column":0},"end":{"line":77,"column":null}}},"1":{"name":"(anonymous_16)","decl":{"start":{"line":24,"column":2},"end":{"line":24,"column":15}},"loc":{"start":{"line":29,"column":12},"end":{"line":76,"column":null}}}},"branchMap":{"0":{"loc":{"start":{"line":52,"column":32},"end":{"line":54,"column":null}},"type":"switch","locations":[{"start":{"line":52,"column":32},"end":{"line":54,"column":null}}]},"1":{"loc":{"start":{"line":37,"column":4},"end":{"line":39,"column":null}},"type":"if","locations":[{"start":{"line":37,"column":4},"end":{"line":39,"column":null}},{"start":{"line":37,"column":4},"end":{"line":39,"column":null}}]},"2":{"loc":{"start":{"line":37,"column":8},"end":{"line":37,"column":26}},"type":"binary-expr","locations":[{"start":{"line":37,"column":8},"end":{"line":37,"column":26}},{"start":{"line":37,"column":30},"end":{"line":37,"column":43}}]},"3":{"loc":{"start":{"line":42,"column":6},"end":{"line":42,"column":7}},"type":"if","locations":[{"start":{"line":42,"column":6},"end":{"line":42,"column":7}},{"start":{"line":42,"column":6},"end":{"line":42,"column":7}}]},"4":{"loc":{"start":{"line":56,"column":4},"end":{"line":58,"column":null}},"type":"if","locations":[{"start":{"line":56,"column":4},"end":{"line":58,"column":null}},{"start":{"line":56,"column":4},"end":{"line":58,"column":null}}]}},"s":{"0":1,"1":1,"2":1,"3":1,"4":1,"5":1,"6":12,"7":12,"8":12,"9":12,"10":12,"11":12,"12":12,"13":12,"14":12,"15":12,"16":1,"17":11,"18":14,"19":8,"20":16,"21":11,"22":11,"23":11,"24":0,"25":11,"26":11,"27":11,"28":11,"29":1,"30":1},"f":{"0":11,"1":12},"b":{"0":[11],"1":[1,11],"2":[12,4],"3":[3,8],"4":[0,11]}}
,"/home/jvictorfarias/Documents/NewGoStack/nivel03/gostack-database-upload/src/services/DeleteTransactionService.ts": {"path":"/home/jvictorfarias/Documents/NewGoStack/nivel03/gostack-database-upload/src/services/DeleteTransactionService.ts","statementMap":{"0":{"start":{"line":1,"column":0},"end":{"line":1,"column":46}},"1":{"start":{"line":3,"column":0},"end":{"line":3,"column":75}},"2":{"start":{"line":5,"column":0},"end":{"line":5,"column":42}},"3":{"start":{"line":10,"column":0},"end":{"line":10,"column":null}},"4":{"start":{"line":11,"column":15},"end":{"line":21,"column":null}},"5":{"start":{"line":11,"column":25},"end":{"line":11,"column":27}},"6":{"start":{"line":12,"column":10},"end":{"line":12,"column":77}},"7":{"start":{"line":14,"column":10},"end":{"line":14,"column":73}},"8":{"start":{"line":16,"column":4},"end":{"line":18,"column":null}},"9":{"start":{"line":17,"column":6},"end":{"line":17,"column":56}},"10":{"start":{"line":20,"column":4},"end":{"line":20,"column":47}},"11":{"start":{"line":22,"column":0},"end":{"line":22,"column":null}},"12":{"start":{"line":24,"column":0},"end":{"line":24,"column":40}}},"fnMap":{"0":{"name":"(anonymous_14)","decl":{"start":{"line":10,"column":0},"end":{"line":10,"column":null}},"loc":{"start":{"line":10,"column":0},"end":{"line":22,"column":null}}},"1":{"name":"(anonymous_16)","decl":{"start":{"line":11,"column":2},"end":{"line":11,"column":15}},"loc":{"start":{"line":11,"column":38},"end":{"line":21,"column":null}}}},"branchMap":{"0":{"loc":{"start":{"line":16,"column":4},"end":{"line":18,"column":null}},"type":"if","locations":[{"start":{"line":16,"column":4},"end":{"line":18,"column":null}},{"start":{"line":16,"column":4},"end":{"line":18,"column":null}}]}},"s":{"0":1,"1":1,"2":1,"3":1,"4":1,"5":1,"6":1,"7":1,"8":1,"9":0,"10":2,"11":1,"12":1},"f":{"0":2,"1":1},"b":{"0":[0,1]}}
,"/home/jvictorfarias/Documents/NewGoStack/nivel03/gostack-database-upload/src/services/ImportTransactionsService.ts": {"path":"/home/jvictorfarias/Documents/NewGoStack/nivel03/gostack-database-upload/src/services/ImportTransactionsService.ts","statementMap":{"0":{"start":{"line":3,"column":0},"end":{"line":3,"column":24}},"1":{"start":{"line":4,"column":0},"end":{"line":4,"column":20}},"2":{"start":{"line":5,"column":0},"end":{"line":5,"column":28}},"3":{"start":{"line":7,"column":0},"end":{"line":7,"column":44}},"4":{"start":{"line":9,"column":0},"end":{"line":9,"column":42}},"5":{"start":{"line":12,"column":0},"end":{"line":12,"column":66}},"6":{"start":{"line":18,"column":0},"end":{"line":18,"column":null}},"7":{"start":{"line":19,"column":8},"end":{"line":53,"column":null}},"8":{"start":{"line":19,"column":18},"end":{"line":19,"column":26}},"9":{"start":{"line":20,"column":10},"end":{"line":20,"column":61}},"10":{"start":{"line":21,"column":10},"end":{"line":21,"column":64}},"11":{"start":{"line":23,"column":10},"end":{"line":23,"column":42}},"12":{"start":{"line":23,"column":4},"end":{"line":25,"column":null}},"13":{"start":{"line":24,"column":6},"end":{"line":24,"column":43}},"14":{"start":{"line":41,"column":31},"end":{"line":43,"column":null}},"15":{"start":{"line":41,"column":10},"end":{"line":43,"column":null}},"16":{"start":{"line":45,"column":13},"end":{"line":45,"column":24}},"17":{"start":{"line":45,"column":24},"end":{"line":45,"column":59}},"18":{"start":{"line":45,"column":57},"end":{"line":45,"column":59}},"19":{"start":{"line":46,"column":12},"end":{"line":46,"column":47}},"20":{"start":{"line":47,"column":6},"end":{"line":47,"column":72}},"21":{"start":{"line":45,"column":59},"end":{"line":45,"column":null}},"22":{"start":{"line":50,"column":4},"end":{"line":50,"column":38}},"23":{"start":{"line":52,"column":4},"end":{"line":52,"column":30}},"24":{"start":{"line":54,"column":0},"end":{"line":54,"column":null}},"25":{"start":{"line":56,"column":0},"end":{"line":56,"column":41}}},"fnMap":{"0":{"name":"(anonymous_14)","decl":{"start":{"line":18,"column":0},"end":{"line":18,"column":null}},"loc":{"start":{"line":18,"column":0},"end":{"line":54,"column":null}}},"1":{"name":"(anonymous_16)","decl":{"start":{"line":19,"column":2},"end":{"line":19,"column":8}},"loc":{"start":{"line":19,"column":37},"end":{"line":53,"column":null}}}},"branchMap":{"0":{"loc":{"start":{"line":50,"column":4},"end":{"line":50,"column":38}},"type":"switch","locations":[{"start":{"line":50,"column":4},"end":{"line":50,"column":38}}]},"1":{"loc":{"start":{"line":23,"column":4},"end":{"line":25,"column":null}},"type":"if","locations":[{"start":{"line":23,"column":4},"end":{"line":25,"column":null}},{"start":{"line":23,"column":4},"end":{"line":25,"column":null}}]},"2":{"loc":{"start":{"line":45,"column":24},"end":{"line":45,"column":59}},"type":"if","locations":[{"start":{"line":45,"column":24},"end":{"line":45,"column":59}},{"start":{"line":45,"column":24},"end":{"line":45,"column":59}}]}},"s":{"0":1,"1":1,"2":1,"3":1,"4":1,"5":1,"6":1,"7":1,"8":1,"9":1,"10":1,"11":1,"12":1,"13":0,"14":1,"15":1,"16":1,"17":4,"18":1,"19":3,"20":6,"21":3,"22":2,"23":1,"24":1,"25":1},"f":{"0":2,"1":1},"b":{"0":[1],"1":[0,1],"2":[1,3]}}
,"/home/jvictorfarias/Documents/NewGoStack/nivel03/gostack-database-upload/src/services/ListTransactionsService.ts": {"path":"/home/jvictorfarias/Documents/NewGoStack/nivel03/gostack-database-upload/src/services/ListTransactionsService.ts","statementMap":{"0":{"start":{"line":1,"column":0},"end":{"line":1,"column":46}},"1":{"start":{"line":3,"column":0},"end":{"line":3,"column":76}},"2":{"start":{"line":18,"column":0},"end":{"line":18,"column":null}},"3":{"start":{"line":19,"column":15},"end":{"line":34,"column":null}},"4":{"start":{"line":20,"column":10},"end":{"line":20,"column":79}},"5":{"start":{"line":23,"column":25},"end":{"line":26,"column":null}},"6":{"start":{"line":23,"column":10},"end":{"line":26,"column":null}},"7":{"start":{"line":28,"column":20},"end":{"line":28,"column":null}},"8":{"start":{"line":28,"column":10},"end":{"line":28,"column":null}},"9":{"start":{"line":30,"column":4},"end":{"line":33,"column":6}},"10":{"start":{"line":35,"column":0},"end":{"line":35,"column":null}},"11":{"start":{"line":37,"column":0},"end":{"line":37,"column":39}}},"fnMap":{"0":{"name":"(anonymous_14)","decl":{"start":{"line":18,"column":0},"end":{"line":18,"column":null}},"loc":{"start":{"line":18,"column":0},"end":{"line":35,"column":null}}},"1":{"name":"(anonymous_16)","decl":{"start":{"line":19,"column":2},"end":{"line":19,"column":15}},"loc":{"start":{"line":19,"column":2},"end":{"line":34,"column":null}}}},"branchMap":{},"s":{"0":1,"1":1,"2":1,"3":1,"4":1,"5":1,"6":1,"7":1,"8":1,"9":1,"10":1,"11":1},"f":{"0":2,"1":1},"b":{}}
}
