TN:
SF:src/app.ts
FN:18,(anonymous_1)
FNF:1
FNH:1
FNDA:1,(anonymous_1)
DA:1,1
DA:2,1
DA:4,1
DA:5,1
DA:7,1
DA:8,1
DA:10,1
DA:12,1
DA:13,1
DA:15,1
DA:16,1
DA:18,1
DA:19,1
DA:20,1
DA:26,0
DA:28,0
DA:34,1
LF:17
LH:15
BRDA:19,0,0,1
BRDA:19,0,1,0
BRF:2
BRH:1
end_of_record
TN:
SF:src/config/upload.ts
FN:13,(anonymous_1)
FNF:1
FNH:1
FNDA:1,(anonymous_1)
DA:1,1
DA:2,1
DA:3,1
DA:5,1
DA:7,1
DA:14,1
DA:15,1
DA:17,1
LF:8
LH:8
BRF:0
BRH:0
end_of_record
TN:
SF:src/database/index.ts
FN:3,(anonymous_13)
FNF:1
FNH:1
FNDA:2,(anonymous_13)
DA:1,1
DA:3,3
DA:4,2
DA:6,2
LF:4
LH:4
BRDA:3,0,0,1
BRDA:3,0,1,1
BRDA:4,1,0,2
BRDA:11,2,0,2
BRDA:11,2,1,0
BRF:5
BRH:4
end_of_record
TN:
SF:src/database/migrations/1587042240272-CreateCategory.ts
FN:3,(anonymous_13)
FN:4,(anonymous_15)
FN:37,(anonymous_18)
FNF:3
FNH:1
FNDA:2,(anonymous_13)
FNDA:0,(anonymous_15)
FNDA:0,(anonymous_18)
DA:1,1
DA:3,1
DA:4,1
DA:5,0
DA:6,0
DA:37,1
DA:38,0
DA:40,1
LF:8
LH:5
BRDA:5,0,0,0
BRDA:38,1,0,0
BRF:2
BRH:0
end_of_record
TN:
SF:src/database/migrations/1587046984438-CreateTransactions.ts
FN:8,(anonymous_13)
FN:10,(anonymous_15)
FN:69,(anonymous_18)
FNF:3
FNH:1
FNDA:2,(anonymous_13)
FNDA:0,(anonymous_15)
FNDA:0,(anonymous_18)
DA:1,1
DA:8,1
DA:10,1
DA:11,0
DA:56,0
DA:69,1
DA:70,0
DA:71,0
DA:73,1
LF:9
LH:5
BRDA:11,0,0,0
BRDA:70,1,0,0
BRF:2
BRH:0
end_of_record
TN:
SF:src/errors/AppError.ts
FN:1,(anonymous_0)
FN:6,AppError
FNF:2
FNH:2
FNDA:1,(anonymous_0)
FNDA:1,AppError
DA:1,1
DA:6,2
DA:7,1
DA:8,1
DA:10,1
DA:12,1
LF:6
LH:6
BRDA:6,0,0,1
BRDA:6,0,1,0
BRF:2
BRH:1
end_of_record
TN:
SF:src/models/Category.ts
FN:12,(anonymous_3)
FN:19,(anonymous_5)
FN:19,(anonymous_6)
FNF:3
FNH:3
FNDA:43,(anonymous_3)
FNDA:2,(anonymous_5)
FNDA:2,(anonymous_6)
DA:1,1
DA:9,1
DA:12,1
DA:14,1
DA:17,1
DA:19,2
DA:20,1
DA:23,1
DA:26,1
DA:27,1
DA:29,1
LF:11
LH:11
BRF:0
BRH:0
end_of_record
TN:
SF:src/models/Transaction.ts
FN:14,(anonymous_3)
FN:30,(anonymous_5)
FNF:2
FNH:2
FNDA:34,(anonymous_3)
FNDA:2,(anonymous_5)
DA:1,1
DA:11,1
DA:14,1
DA:16,1
DA:19,1
DA:22,1
DA:25,1
DA:28,1
DA:30,2
DA:32,1
DA:35,1
DA:38,1
DA:39,1
DA:41,1
LF:14
LH:14
BRF:0
BRH:0
end_of_record
TN:
SF:src/repositories/TransactionsRepository.ts
FN:12,(anonymous_23)
FN:13,(anonymous_25)
FN:17,(anonymous_28)
FNF:3
FNH:3
FNDA:15,(anonymous_23)
FNDA:13,(anonymous_25)
FNDA:10,(anonymous_28)
DA:1,1
DA:3,1
DA:12,1
DA:13,1
DA:14,13
DA:16,13
DA:17,10
DA:24,13
DA:26,13
DA:32,1
DA:34,1
LF:11
LH:11
BRDA:14,0,0,13
BRF:1
BRH:1
end_of_record
TN:
SF:src/routes/index.ts
FNF:0
FNH:0
DA:1,1
DA:3,1
DA:5,1
DA:7,1
DA:9,1
LF:5
LH:5
BRF:0
BRH:0
end_of_record
TN:
SF:src/routes/transactions.routes.ts
FN:14,(anonymous_14)
FN:14,(anonymous_15)
FN:22,(anonymous_17)
FN:22,(anonymous_18)
FN:37,(anonymous_20)
FN:37,(anonymous_21)
FN:50,(anonymous_23)
FN:50,(anonymous_24)
FNF:8
FNH:8
FNDA:1,(anonymous_14)
FNDA:1,(anonymous_15)
FNDA:9,(anonymous_17)
FNDA:9,(anonymous_18)
FNDA:1,(anonymous_20)
FNDA:1,(anonymous_21)
FNDA:1,(anonymous_23)
FNDA:1,(anonymous_24)
DA:1,1
DA:2,1
DA:4,1
DA:6,1
DA:7,1
DA:8,1
DA:9,1
DA:11,1
DA:12,1
DA:14,1
DA:15,1
DA:17,1
DA:19,1
DA:22,9
DA:23,9
DA:25,9
DA:27,9
DA:34,8
DA:37,1
DA:38,1
DA:40,1
DA:42,2
DA:44,1
DA:47,1
DA:50,1
DA:51,1
DA:53,1
DA:56,1
DA:60,1
DA:64,1
LF:30
LH:30
BRF:0
BRH:0
end_of_record
TN:
SF:src/services/CreateTransactionService.ts
FN:23,(anonymous_14)
FN:24,(anonymous_16)
FNF:2
FNH:2
FNDA:11,(anonymous_14)
FNDA:12,(anonymous_16)
DA:1,1
DA:3,1
DA:4,1
DA:6,1
DA:23,1
DA:24,1
DA:25,12
DA:26,12
DA:27,12
DA:28,12
DA:30,12
DA:31,12
DA:33,12
DA:35,12
DA:37,12
DA:38,1
DA:42,14
DA:46,8
DA:49,16
DA:52,11
DA:56,11
DA:57,0
DA:59,11
DA:67,11
DA:69,11
DA:77,1
DA:79,1
LF:27
LH:26
BRDA:52,0,0,11
BRDA:37,1,0,1
BRDA:37,1,1,11
BRDA:37,2,0,12
BRDA:37,2,1,4
BRDA:42,3,0,3
BRDA:42,3,1,8
BRDA:56,4,0,0
BRDA:56,4,1,11
BRF:9
BRH:8
end_of_record
TN:
SF:src/services/DeleteTransactionService.ts
FN:10,(anonymous_14)
FN:11,(anonymous_16)
FNF:2
FNH:2
FNDA:2,(anonymous_14)
FNDA:1,(anonymous_16)
DA:1,1
DA:3,1
DA:5,1
DA:10,1
DA:11,1
DA:12,1
DA:14,1
DA:16,1
DA:17,0
DA:20,2
DA:22,1
DA:24,1
LF:12
LH:11
BRDA:16,0,0,0
BRDA:16,0,1,1
BRF:2
BRH:1
end_of_record
TN:
SF:src/services/ImportTransactionsService.ts
FN:18,(anonymous_14)
FN:19,(anonymous_16)
FNF:2
FNH:2
FNDA:2,(anonymous_14)
FNDA:1,(anonymous_16)
DA:3,1
DA:4,1
DA:5,1
DA:7,1
DA:9,1
DA:12,1
DA:18,1
DA:19,1
DA:20,1
DA:21,1
DA:23,1
DA:24,0
DA:41,1
DA:45,4
DA:46,3
DA:47,6
DA:50,2
DA:52,1
DA:54,1
DA:56,1
LF:20
LH:19
BRDA:50,0,0,1
BRDA:23,1,0,0
BRDA:23,1,1,1
BRDA:45,2,0,1
BRDA:45,2,1,3
BRF:5
BRH:4
end_of_record
TN:
SF:src/services/ListTransactionsService.ts
FN:18,(anonymous_14)
FN:19,(anonymous_16)
FNF:2
FNH:2
FNDA:2,(anonymous_14)
FNDA:1,(anonymous_16)
DA:1,1
DA:3,1
DA:18,1
DA:19,1
DA:20,1
DA:23,1
DA:28,1
DA:30,1
DA:35,1
DA:37,1
LF:10
LH:10
BRF:0
BRH:0
end_of_record
